1753563794935:kkkkk
1753563797553:help
1753563808670:db
1753563813373:dbd
1753563815676:clear
1753563827458:test-cmd
1753563895178:test-cmd say-hello
1753563899173:ts
1753563900792:tc
1753564067913:test-cmd
1753564211502:test-cmd say-hello
1753564215802:test-cmd
1753564242520:-h
1753564251326:test-cmd say-hello --help
1753564872730:db:seed
1753564882611:db:seed s
1753565141248:help
1753565606621:r
1753565609369:help
1753565618441:route list
1753566016650:help
1753566020194:r ls
1753589318945:h
1753589320811:help
1753595828983:r ls
1753624699092:help
1753624709982:extract-i18n
1753624717975:extract-i18n --args
1753624742325:extract-i18n a
1753624829150:help
1753624838637:extract-i18n a
1753625188935:help
1753625195380:extract-i18n
1753625828585:r ls
1753627387233:help
1753726697210:extract-i18n
1753812737842:help
1753812807022:db-seeding gen-errors
1753812953145:h
1753812955691:help
1753812993377:generate-error-catalog
1753813003940:db-seeding gen-errors
1753813339815:help
1753813344904:gen-errors
1753813355339:db-seeding gen-errors
1753813796569:help
1753813802585:database-seeding generate-error-catalog
1753814401428:help
1753814408218:db-seeding gen-errors
1753814838012:help
1753814843847:db-seeding gen-errors
1753815835573:help
1753815842139:db-seeding gen-errors
1753816352628:help
1753816359526:db-seeding gen-errors
1753816505974:help
1753816513363:db-seeding gen-errors
1753898808803:help
1754074509240:exit
1754074679310:help
1754199497281:extract-i18n
1754200952973:help
1754200958456:extract-i18n
1754201941332:help
1754201952812:extract-i18n
1754202963625:help
1754202972800:extract-i18n
1754203393137:help
1754203398051:extract-i18n
1754204067594:help
1754204072622:extract-i18n
1754242583053:help
1754242591225:extract-i18n
1754244834679:clear
1754245512801:help
1754245518623:extract-i18n
1754246011054:help
1754246016200:extract-i18n
1754246269306:help
1754246521431:extract-i18n
