[INFO] 2025-07-20 20:56:20 - [1/4] Membuat file changelog...
[INFO] Scanning for projects...
[INFO] 
[INFO] --------------------------< io.auth-id:core >---------------------------
[INFO] Building core 0.0.1-SNAPSHOT
[INFO]   from pom.xml
[INFO] --------------------------------[ jar ]---------------------------------
[INFO] 
[INFO] --- resources:3.3.1:resources (default-resources) @ core ---
[INFO] Copying 2 resources from src/main/resources to target/classes
[INFO] Copying 20 resources from src/main/resources to target/classes
[INFO] 
[INFO] --- compiler:3.13.0:compile (default-compile) @ core ---
[INFO] Nothing to compile - all classes are up to date.
[INFO] 
[INFO] --- liquibase:4.25.1:diff (default-cli) @ core ---
[INFO] ------------------------------------------------------------------------
[INFO] Parsing Liquibase Properties File
[INFO]   File: liquibase.properties
[INFO]   'classpath' in properties file is not being used by this task.
[INFO] ------------------------------------------------------------------------
[INFO] ####################################################
##   _     _             _ _                      ##
##  | |   (_)           (_) |                     ##
##  | |    _  __ _ _   _ _| |__   __ _ ___  ___   ##
##  | |   | |/ _` | | | | | '_ \ / _` / __|/ _ \  ##
##  | |___| | (_| | |_| | | |_) | (_| \__ \  __/  ##
##  \_____/_|\__, |\__,_|_|_.__/ \__,_|___/\___|  ##
##              | |                               ##
##              |_|                               ##
##                                                ## 
##  Get documentation at docs.liquibase.com       ##
##  Get certified courses at learn.liquibase.com  ## 
##                                                ##
####################################################
Starting Liquibase at 20:56:27 (version 4.25.1 #690 built at 2023-12-18 16:29+0000)
[INFO] ------------------------------------------------------------------------
[INFO] BUILD FAILURE
[INFO] ------------------------------------------------------------------------
[INFO] Total time:  5.724 s
[INFO] Finished at: 2025-07-20T20:56:29+07:00
[INFO] ------------------------------------------------------------------------
[ERROR] Failed to execute goal org.liquibase:liquibase-maven-plugin:4.25.1:diff (default-cli) on project core: 
[ERROR] Error setting up or running Liquibase:
[ERROR] liquibase.exception.DatabaseException: liquibase.exception.DatabaseException: liquibase.exception.DatabaseException: Connection could not be created to jdbc:oracle:thin:@//localhost:1521/AUTHIDCOREDEV with driver oracle.jdbc.OracleDriver.  ORA-12514: Cannot connect to database. Service AUTHIDCOREDEV is not registered with the listener at host localhost port 1521. (CONNECTION_ID=iP5RPaN5Sc+20w1orXQoKw==)
[ERROR] https://docs.oracle.com/error-help/db/ora-12514/
[ERROR] -> [Help 1]
[ERROR] 
[ERROR] To see the full stack trace of the errors, re-run Maven with the -e switch.
[ERROR] Re-run Maven using the -X switch to enable full debug logging.
[ERROR] 
[ERROR] For more information about the errors and possible solutions, please read the following articles:
[ERROR] [Help 1] http://cwiki.apache.org/confluence/display/MAVEN/MojoExecutionException
[ERROR] 2025-07-20 20:56:29 - Gagal membuat changelog: 2025_07_20_205620_test.yaml
