[INFO] 2025-08-01 00:34:40 - [1/4] Membuat file changelog...
[INFO] Scanning for projects...
[INFO] 
[INFO] --------------------------< io.auth-id:core >---------------------------
[INFO] Building core 0.0.1-SNAPSHOT
[INFO]   from pom.xml
[INFO] --------------------------------[ jar ]---------------------------------
[INFO] 
[INFO] --- resources:3.3.1:resources (default-resources) @ core ---
[INFO] Copying 2 resources from src/main/resources to target/classes
[INFO] Copying 174 resources from src/main/resources to target/classes
[INFO] 
[INFO] --- compiler:3.13.0:compile (default-compile) @ core ---
[INFO] Recompiling the module because of changed source code.
[INFO] Compiling 93 source files with javac [debug parameters release 21] to target/classes
[INFO] /home/elhakimdev99/projects/core/src/main/java/io/authid/core/shared/components/i18n/configurations/I18nConfig.java: /home/elhakimdev99/projects/core/src/main/java/io/authid/core/shared/components/i18n/configurations/I18nConfig.java uses or overrides a deprecated API.
[INFO] /home/elhakimdev99/projects/core/src/main/java/io/authid/core/shared/components/i18n/configurations/I18nConfig.java: Recompile with -Xlint:deprecation for details.
[INFO] /home/elhakimdev99/projects/core/src/main/java/io/authid/core/containers/user/services/UserCommonServiceImpl.java: Some input files use unchecked or unsafe operations.
[INFO] /home/elhakimdev99/projects/core/src/main/java/io/authid/core/containers/user/services/UserCommonServiceImpl.java: Recompile with -Xlint:unchecked for details.
[INFO] 
[INFO] --- liquibase:4.25.1:diff (default-cli) @ core ---
Downloading from oracle-maven-repo: https://maven.oracle.com/net/minidev/json-smart/maven-metadata.xml
[WARNING] Could not transfer metadata net.minidev:json-smart/maven-metadata.xml from/to oracle-maven-repo (https://maven.oracle.com): status code: 403, reason phrase: Forbidden (403)
[INFO] ------------------------------------------------------------------------
[INFO] Parsing Liquibase Properties File
[INFO]   File: liquibase.properties
[INFO]   'classpath' in properties file is not being used by this task.
[INFO] ------------------------------------------------------------------------
[INFO] ####################################################
##   _     _             _ _                      ##
##  | |   (_)           (_) |                     ##
##  | |    _  __ _ _   _ _| |__   __ _ ___  ___   ##
##  | |   | |/ _` | | | | | '_ \ / _` / __|/ _ \  ##
##  | |___| | (_| | |_| | | |_) | (_| \__ \  __/  ##
##  \_____/_|\__, |\__,_|_|_.__/ \__,_|___/\___|  ##
##              | |                               ##
##              |_|                               ##
##                                                ## 
##  Get documentation at docs.liquibase.com       ##
##  Get certified courses at learn.liquibase.com  ## 
##                                                ##
####################################################
Starting Liquibase at 00:34:57 (version 4.25.1 #690 built at 2023-12-18 16:29+0000)
[INFO] Parsing Liquibase Properties File liquibase.properties for changeLog parameters
[INFO] Executing on Database: jdbc:oracle:thin:@//localhost:1521/AUTHIDCOREDEV
[INFO] Reading hibernate configuration hibernate:spring:io.authid.core?dialect=org.hibernate.dialect.OracleDialect
[INFO] Found package io.authid.core
[INFO] HHH000204: Processing PersistenceUnitInfo [name: default]
[INFO] HHH000412: Hibernate ORM core version 6.4.4.Final
[INFO] HHH000026: Second-level cache disabled
[INFO] Envers integration enabled? : true
[INFO] No LoadTimeWeaver setup: ignoring JPA class transformer
[WARNING] HHH000181: No appropriate connection provider encountered, assuming application will be supplying connections
[WARNING] HHH000342: Could not obtain connection to query metadata
java.lang.UnsupportedOperationException: The application must supply JDBC connections
    at org.hibernate.engine.jdbc.connections.internal.UserSuppliedConnectionProviderImpl.getConnection (UserSuppliedConnectionProviderImpl.java:44)
    at org.hibernate.engine.jdbc.env.internal.JdbcEnvironmentInitiator$ConnectionProviderJdbcConnectionAccess.obtainConnection (JdbcEnvironmentInitiator.java:428)
    at org.hibernate.resource.transaction.backend.jdbc.internal.JdbcIsolationDelegate.delegateWork (JdbcIsolationDelegate.java:61)
    at org.hibernate.engine.jdbc.env.internal.JdbcEnvironmentInitiator.getJdbcEnvironmentUsingJdbcMetadata (JdbcEnvironmentInitiator.java:276)
    at org.hibernate.engine.jdbc.env.internal.JdbcEnvironmentInitiator.initiateService (JdbcEnvironmentInitiator.java:107)
    at org.hibernate.engine.jdbc.env.internal.JdbcEnvironmentInitiator.initiateService (JdbcEnvironmentInitiator.java:68)
    at org.hibernate.boot.registry.internal.StandardServiceRegistryImpl.initiateService (StandardServiceRegistryImpl.java:130)
    at org.hibernate.service.internal.AbstractServiceRegistryImpl.createService (AbstractServiceRegistryImpl.java:263)
    at org.hibernate.service.internal.AbstractServiceRegistryImpl.initializeService (AbstractServiceRegistryImpl.java:238)
    at org.hibernate.service.internal.AbstractServiceRegistryImpl.getService (AbstractServiceRegistryImpl.java:215)
    at org.hibernate.boot.model.relational.Database.<init> (Database.java:45)
    at org.hibernate.boot.internal.InFlightMetadataCollectorImpl.getDatabase (InFlightMetadataCollectorImpl.java:223)
    at org.hibernate.boot.internal.InFlightMetadataCollectorImpl.<init> (InFlightMetadataCollectorImpl.java:191)
    at org.hibernate.boot.model.process.spi.MetadataBuildingProcess.complete (MetadataBuildingProcess.java:170)
    at org.hibernate.jpa.boot.internal.EntityManagerFactoryBuilderImpl.metadata (EntityManagerFactoryBuilderImpl.java:1432)
    at org.hibernate.jpa.boot.internal.EntityManagerFactoryBuilderImpl.build (EntityManagerFactoryBuilderImpl.java:1503)
    at liquibase.ext.hibernate.database.HibernateEjb3Database.buildMetadataFromPath (HibernateEjb3Database.java:56)
    at liquibase.ext.hibernate.database.HibernateDatabase.buildMetadata (HibernateDatabase.java:133)
    at liquibase.ext.hibernate.database.HibernateDatabase.setConnection (HibernateDatabase.java:73)
    at liquibase.database.DatabaseFactory.findCorrectDatabaseImplementation (DatabaseFactory.java:124)
    at liquibase.database.DatabaseFactory.openDatabase (DatabaseFactory.java:144)
    at liquibase.integration.commandline.CommandLineUtils.createDatabaseObject (CommandLineUtils.java:96)
    at org.liquibase.maven.plugins.LiquibaseDatabaseDiff.performLiquibaseTask (LiquibaseDatabaseDiff.java:245)
    at org.liquibase.maven.plugins.AbstractLiquibaseMojo.lambda$execute$1 (AbstractLiquibaseMojo.java:862)
    at liquibase.Scope.lambda$child$0 (Scope.java:186)
    at liquibase.Scope.child (Scope.java:195)
    at liquibase.Scope.child (Scope.java:185)
    at liquibase.Scope.child (Scope.java:164)
    at org.liquibase.maven.plugins.AbstractLiquibaseMojo.lambda$execute$2 (AbstractLiquibaseMojo.java:862)
    at liquibase.Scope.lambda$child$0 (Scope.java:186)
    at liquibase.Scope.child (Scope.java:195)
    at liquibase.Scope.child (Scope.java:185)
    at liquibase.Scope.child (Scope.java:164)
    at org.liquibase.maven.plugins.AbstractLiquibaseMojo.lambda$execute$3 (AbstractLiquibaseMojo.java:779)
    at liquibase.Scope.lambda$child$0 (Scope.java:186)
    at liquibase.Scope.child (Scope.java:195)
    at liquibase.Scope.child (Scope.java:185)
    at liquibase.Scope.child (Scope.java:164)
    at org.liquibase.maven.plugins.AbstractLiquibaseMojo.execute (AbstractLiquibaseMojo.java:715)
    at org.liquibase.maven.plugins.LiquibaseDatabaseDiff.execute (LiquibaseDatabaseDiff.java:215)
    at org.apache.maven.plugin.DefaultBuildPluginManager.executeMojo (DefaultBuildPluginManager.java:126)
    at org.apache.maven.lifecycle.internal.MojoExecutor.doExecute2 (MojoExecutor.java:328)
    at org.apache.maven.lifecycle.internal.MojoExecutor.doExecute (MojoExecutor.java:316)
    at org.apache.maven.lifecycle.internal.MojoExecutor.execute (MojoExecutor.java:212)
    at org.apache.maven.lifecycle.internal.MojoExecutor.execute (MojoExecutor.java:174)
    at org.apache.maven.lifecycle.internal.MojoExecutor.access$000 (MojoExecutor.java:75)
    at org.apache.maven.lifecycle.internal.MojoExecutor$1.run (MojoExecutor.java:162)
    at org.apache.maven.plugin.DefaultMojosExecutionStrategy.execute (DefaultMojosExecutionStrategy.java:39)
    at org.apache.maven.lifecycle.internal.MojoExecutor.execute (MojoExecutor.java:159)
    at org.apache.maven.lifecycle.internal.LifecycleModuleBuilder.buildProject (LifecycleModuleBuilder.java:105)
    at org.apache.maven.lifecycle.internal.LifecycleModuleBuilder.buildProject (LifecycleModuleBuilder.java:73)
    at org.apache.maven.lifecycle.internal.builder.singlethreaded.SingleThreadedBuilder.build (SingleThreadedBuilder.java:53)
    at org.apache.maven.lifecycle.internal.LifecycleStarter.execute (LifecycleStarter.java:118)
    at org.apache.maven.DefaultMaven.doExecute (DefaultMaven.java:261)
    at org.apache.maven.DefaultMaven.doExecute (DefaultMaven.java:173)
    at org.apache.maven.DefaultMaven.execute (DefaultMaven.java:101)
    at org.apache.maven.cli.MavenCli.execute (MavenCli.java:906)
    at org.apache.maven.cli.MavenCli.doMain (MavenCli.java:283)
    at org.apache.maven.cli.MavenCli.main (MavenCli.java:206)
    at jdk.internal.reflect.DirectMethodHandleAccessor.invoke (DirectMethodHandleAccessor.java:103)
    at java.lang.reflect.Method.invoke (Method.java:580)
    at org.codehaus.plexus.classworlds.launcher.Launcher.launchEnhanced (Launcher.java:255)
    at org.codehaus.plexus.classworlds.launcher.Launcher.launch (Launcher.java:201)
    at org.codehaus.plexus.classworlds.launcher.Launcher.mainWithExitCode (Launcher.java:361)
    at org.codehaus.plexus.classworlds.launcher.Launcher.main (Launcher.java:314)
[WARNING] HHH90000025: OracleDialect does not need to be specified explicitly using 'hibernate.dialect' (remove the property setting and it will be selected by default)
[INFO] key : unknown.token.status.pending.label
[INFO] key : unknown.token.status.pending.description
[INFO] key : unknown.token.status.completed.label
[INFO] key : unknown.token.status.completed.description
[INFO] key : unknown.token.status.expired.label
[INFO] key : unknown.token.status.expired.description
[INFO] key : unknown.token.status.cancelled.label
[INFO] key : unknown.token.status.cancelled.description
[INFO] key : io.authid.core.containers.user.enums.PasswordResetTokenStatus.device.mobile.label
[INFO] key : io.authid.core.containers.user.enums.PasswordResetTokenStatus.device.mobile.description
[INFO] key : io.authid.core.containers.user.enums.PasswordResetTokenStatus.device.desktop.label
[INFO] key : io.authid.core.containers.user.enums.PasswordResetTokenStatus.device.desktop.description
[INFO] key : io.authid.core.containers.user.enums.PasswordResetTokenStatus.device.tablet.label
[INFO] key : io.authid.core.containers.user.enums.PasswordResetTokenStatus.device.tablet.description
[INFO] key : io.authid.core.containers.user.enums.PasswordResetTokenStatus.device.wearable.label
[INFO] key : io.authid.core.containers.user.enums.PasswordResetTokenStatus.device.wearable.description
[INFO] key : io.authid.core.containers.user.enums.PasswordResetTokenStatus.device.unknown.label
[INFO] key : io.authid.core.containers.user.enums.PasswordResetTokenStatus.device.unknown.description
[INFO] key : io.authid.core.containers.user.enums.DeviceType.device.active.label
[INFO] key : io.authid.core.containers.user.enums.DeviceType.device.active.description
[INFO] key : io.authid.core.containers.user.enums.DeviceType.device.trusted.label
[INFO] key : io.authid.core.containers.user.enums.DeviceType.device.trusted.description
[INFO] key : io.authid.core.containers.user.enums.DeviceType.device.untrusted.label
[INFO] key : io.authid.core.containers.user.enums.DeviceType.device.untrusted.description
[INFO] key : io.authid.core.containers.user.enums.DeviceType.device.expired.label
[INFO] key : io.authid.core.containers.user.enums.DeviceType.device.expired.description
[INFO] key : io.authid.core.containers.user.enums.DeviceType.device.revoked.label
[INFO] key : io.authid.core.containers.user.enums.DeviceType.device.revoked.description
[INFO] key : io.authid.core.containers.user.enums.DeviceType.device.suspicious.label
[INFO] key : io.authid.core.containers.user.enums.DeviceType.device.suspicious.description
[INFO] key : io.authid.core.containers.user.enums.DeviceType.device.blocked.label
[INFO] key : io.authid.core.containers.user.enums.DeviceType.device.blocked.description
[INFO] key : io.authid.core.containers.user.enums.DeviceStatus.user.status.active.label
[INFO] key : io.authid.core.containers.user.enums.DeviceStatus.user.status.active.description
[INFO] key : io.authid.core.containers.user.enums.DeviceStatus.user.status.incomplete.profile.label
[INFO] key : io.authid.core.containers.user.enums.DeviceStatus.user.status.incomplete.profile.description
[INFO] key : io.authid.core.containers.user.enums.DeviceStatus.user.status.pending.verification.label
[INFO] key : io.authid.core.containers.user.enums.DeviceStatus.user.status.pending.verification.description
[INFO] key : io.authid.core.containers.user.enums.DeviceStatus.user.status.inactive.label
[INFO] key : io.authid.core.containers.user.enums.DeviceStatus.user.status.inactive.description
[INFO] key : io.authid.core.containers.user.enums.DeviceStatus.user.status.locked.label
[INFO] key : io.authid.core.containers.user.enums.DeviceStatus.user.status.locked.description
[INFO] key : io.authid.core.containers.user.enums.DeviceStatus.user.status.dormant.label
[INFO] key : io.authid.core.containers.user.enums.DeviceStatus.user.status.dormant.description
[INFO] key : io.authid.core.containers.user.enums.DeviceStatus.user.status.deactivated.label
[INFO] key : io.authid.core.containers.user.enums.DeviceStatus.user.status.deactivated.description
[INFO] key : io.authid.core.containers.user.enums.DeviceStatus.user.status.suspended.label
[INFO] key : io.authid.core.containers.user.enums.DeviceStatus.user.status.suspended.description
[INFO] key : io.authid.core.containers.user.enums.DeviceStatus.user.status.banned.label
[INFO] key : io.authid.core.containers.user.enums.DeviceStatus.user.status.banned.description
[INFO] key : io.authid.core.containers.user.enums.DeviceStatus.user.status.deleted.label
[INFO] key : io.authid.core.containers.user.enums.DeviceStatus.user.status.deleted.description
[INFO] HV000001: Hibernate Validator 8.0.1.Final
[INFO] HHH000489: No JTA platform available (set 'hibernate.transaction.jta.platform' to enable JTA platform integration)
[INFO] Using dialect org.hibernate.dialect.OracleDialect
[INFO] Performing Diff on database AUTHID_CORE_APP @ jdbc:oracle:thin:@//localhost:1521/AUTHIDCOREDEV (Default Schema: AUTHID_CORE_APP)
[INFO] Found table user_devices
[INFO] Found table user_devices
[INFO] Found table users
[INFO] Found table users
[INFO] Found table password_reset_tokens
[INFO] Found table password_reset_tokens
[INFO] Found table user_devices
[INFO] Found unique constraint UC_USER_DEVICESDEVICE_FINGERPRINT_COL on user_devices(device_fingerprint)
[INFO] Found primary key user_devicesPK
[INFO] Found index idx_user_devices
[INFO] Found index idx_device_status
[INFO] Found index idx_device_type
[INFO] Found index idx_last_login_device
[INFO] Found index idx_current_device
[INFO] Found index idx_device_location
[INFO] Found index idx_user_device_fingerprint
[INFO] Found index idx_device_fingerprint
[INFO] Found column id raw(16)
[INFO] Found column created_at timestamp(6)
[INFO] Found column created_by varchar2(255 CHAR)
[INFO] Found column is_deleted number(1, 0)
[INFO] Found column deleted_at timestamp(6)
[INFO] Found column deleted_by varchar2(255 CHAR)
[INFO] Found column updated_at timestamp(6)
[INFO] Found column updated_by varchar2(255 CHAR)
[INFO] Found column browser_name varchar2(100 CHAR)
[INFO] Found column browser_version varchar2(50 CHAR)
[INFO] Found column city varchar2(100 CHAR)
[INFO] Found column country varchar2(3 CHAR)
[INFO] Found column device_fingerprint varchar2(255 CHAR)
[INFO] Found column device_name varchar2(255 CHAR)
[INFO] Found column device_type number(3, 0)
[INFO] Found column first_seen_at varchar2(255 CHAR)
[INFO] Found column ip_address varchar2(45 CHAR)
[INFO] Found column is_current_device number(1, 0)
[INFO] Found column last_login_at varchar2(255 CHAR)
[INFO] Found column os_name varchar2(100 CHAR)
[INFO] Found column os_version varchar2(50 CHAR)
[INFO] Found column status number(3, 0)
[INFO] Found column user_agent TEXT
[INFO] Found column user_id raw(16)
[INFO] Found index idx_device_fingerprint
[INFO] Found index idx_user_devices
[INFO] Found index idx_device_status
[INFO] Found index idx_device_type
[INFO] Found index idx_last_login_device
[INFO] Found index idx_current_device
[INFO] Found index idx_device_location
[INFO] Found index idx_user_device_fingerprint
[INFO] Found table users
[INFO] Found unique constraint UC_USERSEMAIL_COL on users(email)
[INFO] Found primary key usersPK
[INFO] Found index idx_email
[INFO] Found index idx_status
[INFO] Found index idx_email_status
[INFO] Found index idx_email_verified
[INFO] Found index idx_last_login
[INFO] Found index idx_last_activity
[INFO] Found index idx_password_changed
[INFO] Found index idx_failed_attempts
[INFO] Found index idx_locked_until
[INFO] Found index idx_two_factor
[INFO] Found index idx_status_login
[INFO] Found index idx_status_actions
[INFO] Found index idx_security_check
[INFO] Found index idx_activity_tracking
[INFO] Found column id raw(16)
[INFO] Found column created_at timestamp(6)
[INFO] Found column created_by varchar2(255 CHAR)
[INFO] Found column is_deleted number(1, 0)
[INFO] Found column deleted_at timestamp(6)
[INFO] Found column deleted_by varchar2(255 CHAR)
[INFO] Found column updated_at timestamp(6)
[INFO] Found column updated_by varchar2(255 CHAR)
[INFO] Found column email varchar2(255 CHAR)
[INFO] Found column email_verified_at timestamp(6)
[INFO] Found column failed_login_attempts number(10, 0)
[INFO] Found column last_activity_at timestamp(6)
[INFO] Found column last_login_at timestamp(6)
[INFO] Found column last_login_ip varchar2(45 CHAR)
[INFO] Found column locked_until timestamp(6)
[INFO] Found column login_count number(10, 0)
[INFO] Found column name varchar2(255 CHAR)
[INFO] Found column usr_pwd varchar2(255 CHAR)
[INFO] Found column password_changed_at timestamp(6)
[INFO] Found column remember_token varchar2(100 CHAR)
[INFO] Found column status varchar2(255 CHAR)
[INFO] Found column two_factor_confirmed_at timestamp(6)
[INFO] Found column two_factor_recovery_codes json
[INFO] Found column two_factor_secret varchar2(255 CHAR)
[INFO] Found index idx_email
[INFO] Found index idx_status
[INFO] Found index idx_email_status
[INFO] Found index idx_email_verified
[INFO] Found index idx_last_login
[INFO] Found index idx_last_activity
[INFO] Found index idx_password_changed
[INFO] Found index idx_failed_attempts
[INFO] Found index idx_locked_until
[INFO] Found index idx_two_factor
[INFO] Found index idx_security_check
[INFO] Found index idx_activity_tracking
[INFO] Found table password_reset_tokens
[INFO] Found unique constraint UC_PASSWORD_RESET_TOKENSTOKEN_HASH_COL on password_reset_tokens(token_hash)
[INFO] Found primary key password_reset_tokensPK
[INFO] Found index idx_expires_at
[INFO] Found column id raw(16)
[INFO] Found column created_at timestamp(6)
[INFO] Found column created_by varchar2(255 CHAR)
[INFO] Found column is_deleted number(1, 0)
[INFO] Found column deleted_at timestamp(6)
[INFO] Found column deleted_by varchar2(255 CHAR)
[INFO] Found column updated_at timestamp(6)
[INFO] Found column updated_by varchar2(255 CHAR)
[INFO] Found column attempt_count number(10, 0)
[INFO] Found column blocked_until timestamp(6)
[INFO] Found column completed_at timestamp(6)
[INFO] Found column expires_at timestamp(6)
[INFO] Found column hash_algorithm varchar2(20 CHAR)
[INFO] Found column hash_iterations number(10, 0)
[INFO] Found column hash_iv TEXT
[INFO] Found column hash_key TEXT
[INFO] Found column hash_salt TEXT
[INFO] Found column hash_tag TEXT
[INFO] Found column ip_address_completion varchar2(45 CHAR)
[INFO] Found column ip_address_request varchar2(45 CHAR)
[INFO] Found column max_attempts number(10, 0)
[INFO] Found column status varchar2(255 CHAR)
[INFO] Found column token_hash varchar2(255 CHAR)
[INFO] Found column user_agent_completion TEXT
[INFO] Found column user_agent_request TEXT
[INFO] Found column user_id raw(16)
[INFO] Found index idx_expires_at
[WARNING] Liquibase needs to access the DBA_RECYCLEBIN table so we can automatically handle the case where constraints are deleted and restored. Since Oracle doesn't properly restore the original table names referenced in the constraint, we use the information from the DBA_RECYCLEBIN to automatically correct this issue.

The user you used to connect to the database (AUTHID_CORE_APP) needs to have "SELECT ON SYS.DBA_RECYCLEBIN" permissions set before we can perform this operation. Please run the following SQL to set the appropriate permissions, and try running the command again.

     GRANT SELECT ON SYS.DBA_RECYCLEBIN TO AUTHID_CORE_APP;
[INFO] Diff command completed
[INFO] BEST PRACTICE: The changelog generated by diffChangeLog/generateChangeLog should be inspected for correctness and completeness before being deployed. Some database objects and their dependencies cannot be represented automatically, and they may need to be manually updated before being deployed.
[WARNING] A change of the tablespace was detected, however, Liquibase does not currently generate statements to move a table between tablespaces.
[WARNING] A change of the tablespace was detected, however, Liquibase does not currently generate statements to move a table between tablespaces.
[WARNING] A change of the tablespace was detected, however, Liquibase does not currently generate statements to move a table between tablespaces.
[INFO] changeSets count: 10
[INFO] src/main/resources/db/changelog/2025_08_01_003440_update_all_tables.yaml does not exist, creating and adding 10 changesets.
[INFO] Diff changelog command succeeded
[INFO] Command execution complete
[INFO] Differences written to Change Log File, src/main/resources/db/changelog/2025_08_01_003440_update_all_tables.yaml
[INFO] ------------------------------------------------------------------------
[INFO] 
[INFO] ------------------------------------------------------------------------
[INFO] BUILD SUCCESS
[INFO] ------------------------------------------------------------------------
[INFO] Total time:  41.372 s
[INFO] Finished at: 2025-08-01T00:35:23+07:00
[INFO] ------------------------------------------------------------------------
[INFO] 2025-08-01 00:35:24 - File changelog berhasil dibuat: 2025_08_01_003440_update_all_tables.yaml
[INFO] 2025-08-01 00:35:24 - [2/4] Mendaftarkan changelog...
[INFO] 2025-08-01 00:35:24 - Master changelog diperbarui.
[INFO] 2025-08-01 00:35:24 - [3/4] Menerapkan ke database...
[INFO] Scanning for projects...
[INFO] 
[INFO] --------------------------< io.auth-id:core >---------------------------
[INFO] Building core 0.0.1-SNAPSHOT
[INFO]   from pom.xml
[INFO] --------------------------------[ jar ]---------------------------------
[INFO] 
[INFO] --- resources:3.3.1:resources (default-resources) @ core ---
[INFO] Copying 2 resources from src/main/resources to target/classes
[INFO] Copying 175 resources from src/main/resources to target/classes
[INFO] 
[INFO] --- compiler:3.13.0:compile (default-compile) @ core ---
[INFO] Nothing to compile - all classes are up to date.
[INFO] 
[INFO] --- resources:3.3.1:resources (default-resources) @ core ---
[INFO] Copying 2 resources from src/main/resources to target/classes
[INFO] Copying 175 resources from src/main/resources to target/classes
[INFO] 
[INFO] --- liquibase:4.25.1:update (default-cli) @ core ---
Downloading from oracle-maven-repo: https://maven.oracle.com/net/minidev/json-smart/maven-metadata.xml
[WARNING] Could not transfer metadata net.minidev:json-smart/maven-metadata.xml from/to oracle-maven-repo (https://maven.oracle.com): status code: 403, reason phrase: Forbidden (403)
[INFO] ------------------------------------------------------------------------
[INFO] Parsing Liquibase Properties File
[INFO]   File: liquibase.properties
[INFO]   'classpath' in properties file is not being used by this task.
[INFO]   'referenceDriver' in properties file is not being used by this task.
[INFO]   'referenceUrl' in properties file is not being used by this task.
[INFO] ------------------------------------------------------------------------
[INFO] ####################################################
##   _     _             _ _                      ##
##  | |   (_)           (_) |                     ##
##  | |    _  __ _ _   _ _| |__   __ _ ___  ___   ##
##  | |   | |/ _` | | | | | '_ \ / _` / __|/ _ \  ##
##  | |___| | (_| | |_| | | |_) | (_| \__ \  __/  ##
##  \_____/_|\__, |\__,_|_|_.__/ \__,_|___/\___|  ##
##              | |                               ##
##              |_|                               ##
##                                                ## 
##  Get documentation at docs.liquibase.com       ##
##  Get certified courses at learn.liquibase.com  ## 
##                                                ##
####################################################
Starting Liquibase at 00:35:43 (version 4.25.1 #690 built at 2023-12-18 16:29+0000)
[INFO] Parsing Liquibase Properties File liquibase.properties for changeLog parameters
[INFO] Executing on Database: jdbc:oracle:thin:@//localhost:1521/AUTHIDCOREDEV
[WARNING] Potentially ignored key(s) in property file liquibase.properties
 - 'referenceDriver'
 - 'referenceUrl'
[INFO] Reading from AUTHID_CORE_APP.DATABASECHANGELOG
[INFO] Successfully acquired change log lock
[INFO] Using deploymentId: 3983352427
[INFO] Reading from AUTHID_CORE_APP.DATABASECHANGELOG
[INFO] Running Changeset: db/changelog/2025_08_01_002937_update_all_tables.yaml::1753983030680-18::elhakimdev99 (generated)
[ERROR] ChangeSet db/changelog/2025_08_01_002937_update_all_tables.yaml::1753983030680-18::elhakimdev99 (generated) encountered an exception.

UPDATE SUMMARY
Run:                         20
Previously run:              36
Filtered out:                 0
-------------------------------
Total change sets:           56

[INFO] UPDATE SUMMARY
[INFO] Run:                         20
[INFO] Previously run:              36
[INFO] Filtered out:                 0
[INFO] -------------------------------
[INFO] Total change sets:           56
[INFO] Update summary generated
[INFO] Update command encountered an exception.
[INFO] Successfully released change log lock
[WARNING] Update command encountered exception
liquibase.exception.LiquibaseException: liquibase.exception.MigrationFailedException: Migration failed for changeset db/changelog/2025_08_01_002937_update_all_tables.yaml::1753983030680-18::elhakimdev99 (generated):
     Reason: liquibase.exception.DatabaseException: ORA-01758: table must be empty to add mandatory (NOT NULL) column

https://docs.oracle.com/error-help/db/ora-01758/ [Failed SQL: (1758) ALTER TABLE AUTHID_CORE_APP.users ADD is_deleted NUMBER(1, 0) NOT NULL]
    at liquibase.changelog.ChangeLogIterator.run (ChangeLogIterator.java:151)
    at liquibase.command.core.AbstractUpdateCommandStep.lambda$run$0 (AbstractUpdateCommandStep.java:110)
    at liquibase.Scope.lambda$child$0 (Scope.java:186)
    at liquibase.Scope.child (Scope.java:195)
    at liquibase.Scope.child (Scope.java:185)
    at liquibase.Scope.child (Scope.java:164)
    at liquibase.command.core.AbstractUpdateCommandStep.run (AbstractUpdateCommandStep.java:108)
    at liquibase.command.core.UpdateCommandStep.run (UpdateCommandStep.java:105)
    at com.datical.liquibase.ext.command.ProUpdateCommandStep.run (ProUpdateCommandStep.java:43)
    at liquibase.command.CommandScope.execute (CommandScope.java:217)
    at liquibase.Liquibase.lambda$update$0 (Liquibase.java:245)
    at liquibase.Scope.lambda$child$0 (Scope.java:186)
    at liquibase.Scope.child (Scope.java:195)
    at liquibase.Scope.child (Scope.java:185)
    at liquibase.Scope.child (Scope.java:164)
    at liquibase.Liquibase.runInScope (Liquibase.java:1419)
    at liquibase.Liquibase.update (Liquibase.java:234)
    at liquibase.Liquibase.update (Liquibase.java:212)
    at liquibase.Liquibase.update (Liquibase.java:399)
    at org.liquibase.maven.plugins.LiquibaseUpdate.lambda$doUpdate$0 (LiquibaseUpdate.java:55)
    at liquibase.Scope.lambda$child$0 (Scope.java:186)
    at liquibase.Scope.child (Scope.java:195)
    at liquibase.Scope.child (Scope.java:185)
    at liquibase.Scope.child (Scope.java:164)
    at liquibase.Scope.child (Scope.java:252)
    at org.liquibase.maven.plugins.LiquibaseUpdate.doUpdate (LiquibaseUpdate.java:51)
    at org.liquibase.maven.plugins.AbstractLiquibaseUpdateMojo.performLiquibaseTask (AbstractLiquibaseUpdateMojo.java:41)
    at org.liquibase.maven.plugins.AbstractLiquibaseMojo.lambda$execute$1 (AbstractLiquibaseMojo.java:862)
    at liquibase.Scope.lambda$child$0 (Scope.java:186)
    at liquibase.Scope.child (Scope.java:195)
    at liquibase.Scope.child (Scope.java:185)
    at liquibase.Scope.child (Scope.java:164)
    at org.liquibase.maven.plugins.AbstractLiquibaseMojo.lambda$execute$2 (AbstractLiquibaseMojo.java:862)
    at liquibase.Scope.lambda$child$0 (Scope.java:186)
    at liquibase.Scope.child (Scope.java:195)
    at liquibase.Scope.child (Scope.java:185)
    at liquibase.Scope.child (Scope.java:164)
    at org.liquibase.maven.plugins.AbstractLiquibaseMojo.lambda$execute$3 (AbstractLiquibaseMojo.java:779)
    at liquibase.Scope.lambda$child$0 (Scope.java:186)
    at liquibase.Scope.child (Scope.java:195)
    at liquibase.Scope.child (Scope.java:185)
    at liquibase.Scope.child (Scope.java:164)
    at org.liquibase.maven.plugins.AbstractLiquibaseMojo.execute (AbstractLiquibaseMojo.java:715)
    at org.apache.maven.plugin.DefaultBuildPluginManager.executeMojo (DefaultBuildPluginManager.java:126)
    at org.apache.maven.lifecycle.internal.MojoExecutor.doExecute2 (MojoExecutor.java:328)
    at org.apache.maven.lifecycle.internal.MojoExecutor.doExecute (MojoExecutor.java:316)
    at org.apache.maven.lifecycle.internal.MojoExecutor.execute (MojoExecutor.java:212)
    at org.apache.maven.lifecycle.internal.MojoExecutor.execute (MojoExecutor.java:174)
    at org.apache.maven.lifecycle.internal.MojoExecutor.access$000 (MojoExecutor.java:75)
    at org.apache.maven.lifecycle.internal.MojoExecutor$1.run (MojoExecutor.java:162)
    at org.apache.maven.plugin.DefaultMojosExecutionStrategy.execute (DefaultMojosExecutionStrategy.java:39)
    at org.apache.maven.lifecycle.internal.MojoExecutor.execute (MojoExecutor.java:159)
    at org.apache.maven.lifecycle.internal.LifecycleModuleBuilder.buildProject (LifecycleModuleBuilder.java:105)
    at org.apache.maven.lifecycle.internal.LifecycleModuleBuilder.buildProject (LifecycleModuleBuilder.java:73)
    at org.apache.maven.lifecycle.internal.builder.singlethreaded.SingleThreadedBuilder.build (SingleThreadedBuilder.java:53)
    at org.apache.maven.lifecycle.internal.LifecycleStarter.execute (LifecycleStarter.java:118)
    at org.apache.maven.DefaultMaven.doExecute (DefaultMaven.java:261)
    at org.apache.maven.DefaultMaven.doExecute (DefaultMaven.java:173)
    at org.apache.maven.DefaultMaven.execute (DefaultMaven.java:101)
    at org.apache.maven.cli.MavenCli.execute (MavenCli.java:906)
    at org.apache.maven.cli.MavenCli.doMain (MavenCli.java:283)
    at org.apache.maven.cli.MavenCli.main (MavenCli.java:206)
    at jdk.internal.reflect.DirectMethodHandleAccessor.invoke (DirectMethodHandleAccessor.java:103)
    at java.lang.reflect.Method.invoke (Method.java:580)
    at org.codehaus.plexus.classworlds.launcher.Launcher.launchEnhanced (Launcher.java:255)
    at org.codehaus.plexus.classworlds.launcher.Launcher.launch (Launcher.java:201)
    at org.codehaus.plexus.classworlds.launcher.Launcher.mainWithExitCode (Launcher.java:361)
    at org.codehaus.plexus.classworlds.launcher.Launcher.main (Launcher.java:314)
Caused by: liquibase.exception.MigrationFailedException: Migration failed for changeset db/changelog/2025_08_01_002937_update_all_tables.yaml::1753983030680-18::elhakimdev99 (generated):
     Reason: liquibase.exception.DatabaseException: ORA-01758: table must be empty to add mandatory (NOT NULL) column

https://docs.oracle.com/error-help/db/ora-01758/ [Failed SQL: (1758) ALTER TABLE AUTHID_CORE_APP.users ADD is_deleted NUMBER(1, 0) NOT NULL]
    at liquibase.changelog.ChangeSet.execute (ChangeSet.java:797)
    at liquibase.changelog.visitor.UpdateVisitor.executeAcceptedChange (UpdateVisitor.java:119)
    at liquibase.changelog.visitor.UpdateVisitor.visit (UpdateVisitor.java:68)
    at liquibase.changelog.ChangeLogIterator$2.lambda$run$0 (ChangeLogIterator.java:133)
    at liquibase.Scope.lambda$child$0 (Scope.java:186)
    at liquibase.Scope.child (Scope.java:195)
    at liquibase.Scope.child (Scope.java:185)
    at liquibase.Scope.child (Scope.java:164)
    at liquibase.changelog.ChangeLogIterator$2.run (ChangeLogIterator.java:122)
    at liquibase.Scope.lambda$child$0 (Scope.java:186)
    at liquibase.Scope.child (Scope.java:195)
    at liquibase.Scope.child (Scope.java:185)
    at liquibase.Scope.child (Scope.java:164)
    at liquibase.Scope.child (Scope.java:252)
    at liquibase.Scope.child (Scope.java:256)
    at liquibase.changelog.ChangeLogIterator.run (ChangeLogIterator.java:89)
    at liquibase.command.core.AbstractUpdateCommandStep.lambda$run$0 (AbstractUpdateCommandStep.java:110)
    at liquibase.Scope.lambda$child$0 (Scope.java:186)
    at liquibase.Scope.child (Scope.java:195)
    at liquibase.Scope.child (Scope.java:185)
    at liquibase.Scope.child (Scope.java:164)
    at liquibase.command.core.AbstractUpdateCommandStep.run (AbstractUpdateCommandStep.java:108)
    at liquibase.command.core.UpdateCommandStep.run (UpdateCommandStep.java:105)
    at com.datical.liquibase.ext.command.ProUpdateCommandStep.run (ProUpdateCommandStep.java:43)
    at liquibase.command.CommandScope.execute (CommandScope.java:217)
    at liquibase.Liquibase.lambda$update$0 (Liquibase.java:245)
    at liquibase.Scope.lambda$child$0 (Scope.java:186)
    at liquibase.Scope.child (Scope.java:195)
    at liquibase.Scope.child (Scope.java:185)
    at liquibase.Scope.child (Scope.java:164)
    at liquibase.Liquibase.runInScope (Liquibase.java:1419)
    at liquibase.Liquibase.update (Liquibase.java:234)
    at liquibase.Liquibase.update (Liquibase.java:212)
    at liquibase.Liquibase.update (Liquibase.java:399)
    at org.liquibase.maven.plugins.LiquibaseUpdate.lambda$doUpdate$0 (LiquibaseUpdate.java:55)
    at liquibase.Scope.lambda$child$0 (Scope.java:186)
    at liquibase.Scope.child (Scope.java:195)
    at liquibase.Scope.child (Scope.java:185)
    at liquibase.Scope.child (Scope.java:164)
    at liquibase.Scope.child (Scope.java:252)
    at org.liquibase.maven.plugins.LiquibaseUpdate.doUpdate (LiquibaseUpdate.java:51)
    at org.liquibase.maven.plugins.AbstractLiquibaseUpdateMojo.performLiquibaseTask (AbstractLiquibaseUpdateMojo.java:41)
    at org.liquibase.maven.plugins.AbstractLiquibaseMojo.lambda$execute$1 (AbstractLiquibaseMojo.java:862)
    at liquibase.Scope.lambda$child$0 (Scope.java:186)
    at liquibase.Scope.child (Scope.java:195)
    at liquibase.Scope.child (Scope.java:185)
    at liquibase.Scope.child (Scope.java:164)
    at org.liquibase.maven.plugins.AbstractLiquibaseMojo.lambda$execute$2 (AbstractLiquibaseMojo.java:862)
    at liquibase.Scope.lambda$child$0 (Scope.java:186)
    at liquibase.Scope.child (Scope.java:195)
    at liquibase.Scope.child (Scope.java:185)
    at liquibase.Scope.child (Scope.java:164)
    at org.liquibase.maven.plugins.AbstractLiquibaseMojo.lambda$execute$3 (AbstractLiquibaseMojo.java:779)
    at liquibase.Scope.lambda$child$0 (Scope.java:186)
    at liquibase.Scope.child (Scope.java:195)
    at liquibase.Scope.child (Scope.java:185)
    at liquibase.Scope.child (Scope.java:164)
    at org.liquibase.maven.plugins.AbstractLiquibaseMojo.execute (AbstractLiquibaseMojo.java:715)
    at org.apache.maven.plugin.DefaultBuildPluginManager.executeMojo (DefaultBuildPluginManager.java:126)
    at org.apache.maven.lifecycle.internal.MojoExecutor.doExecute2 (MojoExecutor.java:328)
    at org.apache.maven.lifecycle.internal.MojoExecutor.doExecute (MojoExecutor.java:316)
    at org.apache.maven.lifecycle.internal.MojoExecutor.execute (MojoExecutor.java:212)
    at org.apache.maven.lifecycle.internal.MojoExecutor.execute (MojoExecutor.java:174)
    at org.apache.maven.lifecycle.internal.MojoExecutor.access$000 (MojoExecutor.java:75)
    at org.apache.maven.lifecycle.internal.MojoExecutor$1.run (MojoExecutor.java:162)
    at org.apache.maven.plugin.DefaultMojosExecutionStrategy.execute (DefaultMojosExecutionStrategy.java:39)
    at org.apache.maven.lifecycle.internal.MojoExecutor.execute (MojoExecutor.java:159)
    at org.apache.maven.lifecycle.internal.LifecycleModuleBuilder.buildProject (LifecycleModuleBuilder.java:105)
    at org.apache.maven.lifecycle.internal.LifecycleModuleBuilder.buildProject (LifecycleModuleBuilder.java:73)
    at org.apache.maven.lifecycle.internal.builder.singlethreaded.SingleThreadedBuilder.build (SingleThreadedBuilder.java:53)
    at org.apache.maven.lifecycle.internal.LifecycleStarter.execute (LifecycleStarter.java:118)
    at org.apache.maven.DefaultMaven.doExecute (DefaultMaven.java:261)
    at org.apache.maven.DefaultMaven.doExecute (DefaultMaven.java:173)
    at org.apache.maven.DefaultMaven.execute (DefaultMaven.java:101)
    at org.apache.maven.cli.MavenCli.execute (MavenCli.java:906)
    at org.apache.maven.cli.MavenCli.doMain (MavenCli.java:283)
    at org.apache.maven.cli.MavenCli.main (MavenCli.java:206)
    at jdk.internal.reflect.DirectMethodHandleAccessor.invoke (DirectMethodHandleAccessor.java:103)
    at java.lang.reflect.Method.invoke (Method.java:580)
    at org.codehaus.plexus.classworlds.launcher.Launcher.launchEnhanced (Launcher.java:255)
    at org.codehaus.plexus.classworlds.launcher.Launcher.launch (Launcher.java:201)
    at org.codehaus.plexus.classworlds.launcher.Launcher.mainWithExitCode (Launcher.java:361)
    at org.codehaus.plexus.classworlds.launcher.Launcher.main (Launcher.java:314)
Caused by: liquibase.exception.DatabaseException: ORA-01758: table must be empty to add mandatory (NOT NULL) column

https://docs.oracle.com/error-help/db/ora-01758/ [Failed SQL: (1758) ALTER TABLE AUTHID_CORE_APP.users ADD is_deleted NUMBER(1, 0) NOT NULL]
    at liquibase.executor.jvm.JdbcExecutor$ExecuteStatementCallback.doInStatement (JdbcExecutor.java:470)
    at liquibase.executor.jvm.JdbcExecutor.execute (JdbcExecutor.java:77)
    at liquibase.executor.jvm.JdbcExecutor.execute (JdbcExecutor.java:179)
    at liquibase.database.AbstractJdbcDatabase.execute (AbstractJdbcDatabase.java:1291)
    at liquibase.database.AbstractJdbcDatabase.executeStatements (AbstractJdbcDatabase.java:1273)
    at liquibase.changelog.ChangeSet.execute (ChangeSet.java:755)
    at liquibase.changelog.visitor.UpdateVisitor.executeAcceptedChange (UpdateVisitor.java:119)
    at liquibase.changelog.visitor.UpdateVisitor.visit (UpdateVisitor.java:68)
    at liquibase.changelog.ChangeLogIterator$2.lambda$run$0 (ChangeLogIterator.java:133)
    at liquibase.Scope.lambda$child$0 (Scope.java:186)
    at liquibase.Scope.child (Scope.java:195)
    at liquibase.Scope.child (Scope.java:185)
    at liquibase.Scope.child (Scope.java:164)
    at liquibase.changelog.ChangeLogIterator$2.run (ChangeLogIterator.java:122)
    at liquibase.Scope.lambda$child$0 (Scope.java:186)
    at liquibase.Scope.child (Scope.java:195)
    at liquibase.Scope.child (Scope.java:185)
    at liquibase.Scope.child (Scope.java:164)
    at liquibase.Scope.child (Scope.java:252)
    at liquibase.Scope.child (Scope.java:256)
    at liquibase.changelog.ChangeLogIterator.run (ChangeLogIterator.java:89)
    at liquibase.command.core.AbstractUpdateCommandStep.lambda$run$0 (AbstractUpdateCommandStep.java:110)
    at liquibase.Scope.lambda$child$0 (Scope.java:186)
    at liquibase.Scope.child (Scope.java:195)
    at liquibase.Scope.child (Scope.java:185)
    at liquibase.Scope.child (Scope.java:164)
    at liquibase.command.core.AbstractUpdateCommandStep.run (AbstractUpdateCommandStep.java:108)
    at liquibase.command.core.UpdateCommandStep.run (UpdateCommandStep.java:105)
    at com.datical.liquibase.ext.command.ProUpdateCommandStep.run (ProUpdateCommandStep.java:43)
    at liquibase.command.CommandScope.execute (CommandScope.java:217)
    at liquibase.Liquibase.lambda$update$0 (Liquibase.java:245)
    at liquibase.Scope.lambda$child$0 (Scope.java:186)
    at liquibase.Scope.child (Scope.java:195)
    at liquibase.Scope.child (Scope.java:185)
    at liquibase.Scope.child (Scope.java:164)
    at liquibase.Liquibase.runInScope (Liquibase.java:1419)
    at liquibase.Liquibase.update (Liquibase.java:234)
    at liquibase.Liquibase.update (Liquibase.java:212)
    at liquibase.Liquibase.update (Liquibase.java:399)
    at org.liquibase.maven.plugins.LiquibaseUpdate.lambda$doUpdate$0 (LiquibaseUpdate.java:55)
    at liquibase.Scope.lambda$child$0 (Scope.java:186)
    at liquibase.Scope.child (Scope.java:195)
    at liquibase.Scope.child (Scope.java:185)
    at liquibase.Scope.child (Scope.java:164)
    at liquibase.Scope.child (Scope.java:252)
    at org.liquibase.maven.plugins.LiquibaseUpdate.doUpdate (LiquibaseUpdate.java:51)
    at org.liquibase.maven.plugins.AbstractLiquibaseUpdateMojo.performLiquibaseTask (AbstractLiquibaseUpdateMojo.java:41)
    at org.liquibase.maven.plugins.AbstractLiquibaseMojo.lambda$execute$1 (AbstractLiquibaseMojo.java:862)
    at liquibase.Scope.lambda$child$0 (Scope.java:186)
    at liquibase.Scope.child (Scope.java:195)
    at liquibase.Scope.child (Scope.java:185)
    at liquibase.Scope.child (Scope.java:164)
    at org.liquibase.maven.plugins.AbstractLiquibaseMojo.lambda$execute$2 (AbstractLiquibaseMojo.java:862)
    at liquibase.Scope.lambda$child$0 (Scope.java:186)
    at liquibase.Scope.child (Scope.java:195)
    at liquibase.Scope.child (Scope.java:185)
    at liquibase.Scope.child (Scope.java:164)
    at org.liquibase.maven.plugins.AbstractLiquibaseMojo.lambda$execute$3 (AbstractLiquibaseMojo.java:779)
    at liquibase.Scope.lambda$child$0 (Scope.java:186)
    at liquibase.Scope.child (Scope.java:195)
    at liquibase.Scope.child (Scope.java:185)
    at liquibase.Scope.child (Scope.java:164)
    at org.liquibase.maven.plugins.AbstractLiquibaseMojo.execute (AbstractLiquibaseMojo.java:715)
    at org.apache.maven.plugin.DefaultBuildPluginManager.executeMojo (DefaultBuildPluginManager.java:126)
    at org.apache.maven.lifecycle.internal.MojoExecutor.doExecute2 (MojoExecutor.java:328)
    at org.apache.maven.lifecycle.internal.MojoExecutor.doExecute (MojoExecutor.java:316)
    at org.apache.maven.lifecycle.internal.MojoExecutor.execute (MojoExecutor.java:212)
    at org.apache.maven.lifecycle.internal.MojoExecutor.execute (MojoExecutor.java:174)
    at org.apache.maven.lifecycle.internal.MojoExecutor.access$000 (MojoExecutor.java:75)
    at org.apache.maven.lifecycle.internal.MojoExecutor$1.run (MojoExecutor.java:162)
    at org.apache.maven.plugin.DefaultMojosExecutionStrategy.execute (DefaultMojosExecutionStrategy.java:39)
    at org.apache.maven.lifecycle.internal.MojoExecutor.execute (MojoExecutor.java:159)
    at org.apache.maven.lifecycle.internal.LifecycleModuleBuilder.buildProject (LifecycleModuleBuilder.java:105)
    at org.apache.maven.lifecycle.internal.LifecycleModuleBuilder.buildProject (LifecycleModuleBuilder.java:73)
    at org.apache.maven.lifecycle.internal.builder.singlethreaded.SingleThreadedBuilder.build (SingleThreadedBuilder.java:53)
    at org.apache.maven.lifecycle.internal.LifecycleStarter.execute (LifecycleStarter.java:118)
    at org.apache.maven.DefaultMaven.doExecute (DefaultMaven.java:261)
    at org.apache.maven.DefaultMaven.doExecute (DefaultMaven.java:173)
    at org.apache.maven.DefaultMaven.execute (DefaultMaven.java:101)
    at org.apache.maven.cli.MavenCli.execute (MavenCli.java:906)
    at org.apache.maven.cli.MavenCli.doMain (MavenCli.java:283)
    at org.apache.maven.cli.MavenCli.main (MavenCli.java:206)
    at jdk.internal.reflect.DirectMethodHandleAccessor.invoke (DirectMethodHandleAccessor.java:103)
    at java.lang.reflect.Method.invoke (Method.java:580)
    at org.codehaus.plexus.classworlds.launcher.Launcher.launchEnhanced (Launcher.java:255)
    at org.codehaus.plexus.classworlds.launcher.Launcher.launch (Launcher.java:201)
    at org.codehaus.plexus.classworlds.launcher.Launcher.mainWithExitCode (Launcher.java:361)
    at org.codehaus.plexus.classworlds.launcher.Launcher.main (Launcher.java:314)
Caused by: java.sql.SQLSyntaxErrorException: ORA-01758: table must be empty to add mandatory (NOT NULL) column

https://docs.oracle.com/error-help/db/ora-01758/
    at oracle.jdbc.driver.T4CTTIoer11.processError (T4CTTIoer11.java:715)
    at oracle.jdbc.driver.T4CTTIoer11.processError (T4CTTIoer11.java:615)
    at oracle.jdbc.driver.T4C8Oall.processError (T4C8Oall.java:1372)
    at oracle.jdbc.driver.T4CTTIfun.receive (T4CTTIfun.java:972)
    at oracle.jdbc.driver.T4CTTIfun.doRPC (T4CTTIfun.java:237)
    at oracle.jdbc.driver.T4C8Oall.doOALL (T4C8Oall.java:524)
    at oracle.jdbc.driver.T4CStatement.doOall8 (T4CStatement.java:197)
    at oracle.jdbc.driver.T4CStatement.executeForRows (T4CStatement.java:1408)
    at oracle.jdbc.driver.OracleStatement.executeSQLStatement (OracleStatement.java:2020)
    at oracle.jdbc.driver.OracleStatement.doExecuteWithTimeout (OracleStatement.java:1633)
    at oracle.jdbc.driver.OracleStatement.executeInternal (OracleStatement.java:2698)
    at oracle.jdbc.driver.OracleStatement.execute (OracleStatement.java:2647)
    at oracle.jdbc.driver.OracleStatementWrapper.execute (OracleStatementWrapper.java:349)
    at liquibase.executor.jvm.JdbcExecutor$ExecuteStatementCallback.doInStatement (JdbcExecutor.java:464)
    at liquibase.executor.jvm.JdbcExecutor.execute (JdbcExecutor.java:77)
    at liquibase.executor.jvm.JdbcExecutor.execute (JdbcExecutor.java:179)
    at liquibase.database.AbstractJdbcDatabase.execute (AbstractJdbcDatabase.java:1291)
    at liquibase.database.AbstractJdbcDatabase.executeStatements (AbstractJdbcDatabase.java:1273)
    at liquibase.changelog.ChangeSet.execute (ChangeSet.java:755)
    at liquibase.changelog.visitor.UpdateVisitor.executeAcceptedChange (UpdateVisitor.java:119)
    at liquibase.changelog.visitor.UpdateVisitor.visit (UpdateVisitor.java:68)
    at liquibase.changelog.ChangeLogIterator$2.lambda$run$0 (ChangeLogIterator.java:133)
    at liquibase.Scope.lambda$child$0 (Scope.java:186)
    at liquibase.Scope.child (Scope.java:195)
    at liquibase.Scope.child (Scope.java:185)
    at liquibase.Scope.child (Scope.java:164)
    at liquibase.changelog.ChangeLogIterator$2.run (ChangeLogIterator.java:122)
    at liquibase.Scope.lambda$child$0 (Scope.java:186)
    at liquibase.Scope.child (Scope.java:195)
    at liquibase.Scope.child (Scope.java:185)
    at liquibase.Scope.child (Scope.java:164)
    at liquibase.Scope.child (Scope.java:252)
    at liquibase.Scope.child (Scope.java:256)
    at liquibase.changelog.ChangeLogIterator.run (ChangeLogIterator.java:89)
    at liquibase.command.core.AbstractUpdateCommandStep.lambda$run$0 (AbstractUpdateCommandStep.java:110)
    at liquibase.Scope.lambda$child$0 (Scope.java:186)
    at liquibase.Scope.child (Scope.java:195)
    at liquibase.Scope.child (Scope.java:185)
    at liquibase.Scope.child (Scope.java:164)
    at liquibase.command.core.AbstractUpdateCommandStep.run (AbstractUpdateCommandStep.java:108)
    at liquibase.command.core.UpdateCommandStep.run (UpdateCommandStep.java:105)
    at com.datical.liquibase.ext.command.ProUpdateCommandStep.run (ProUpdateCommandStep.java:43)
    at liquibase.command.CommandScope.execute (CommandScope.java:217)
    at liquibase.Liquibase.lambda$update$0 (Liquibase.java:245)
    at liquibase.Scope.lambda$child$0 (Scope.java:186)
    at liquibase.Scope.child (Scope.java:195)
    at liquibase.Scope.child (Scope.java:185)
    at liquibase.Scope.child (Scope.java:164)
    at liquibase.Liquibase.runInScope (Liquibase.java:1419)
    at liquibase.Liquibase.update (Liquibase.java:234)
    at liquibase.Liquibase.update (Liquibase.java:212)
    at liquibase.Liquibase.update (Liquibase.java:399)
    at org.liquibase.maven.plugins.LiquibaseUpdate.lambda$doUpdate$0 (LiquibaseUpdate.java:55)
    at liquibase.Scope.lambda$child$0 (Scope.java:186)
    at liquibase.Scope.child (Scope.java:195)
    at liquibase.Scope.child (Scope.java:185)
    at liquibase.Scope.child (Scope.java:164)
    at liquibase.Scope.child (Scope.java:252)
    at org.liquibase.maven.plugins.LiquibaseUpdate.doUpdate (LiquibaseUpdate.java:51)
    at org.liquibase.maven.plugins.AbstractLiquibaseUpdateMojo.performLiquibaseTask (AbstractLiquibaseUpdateMojo.java:41)
    at org.liquibase.maven.plugins.AbstractLiquibaseMojo.lambda$execute$1 (AbstractLiquibaseMojo.java:862)
    at liquibase.Scope.lambda$child$0 (Scope.java:186)
    at liquibase.Scope.child (Scope.java:195)
    at liquibase.Scope.child (Scope.java:185)
    at liquibase.Scope.child (Scope.java:164)
    at org.liquibase.maven.plugins.AbstractLiquibaseMojo.lambda$execute$2 (AbstractLiquibaseMojo.java:862)
    at liquibase.Scope.lambda$child$0 (Scope.java:186)
    at liquibase.Scope.child (Scope.java:195)
    at liquibase.Scope.child (Scope.java:185)
    at liquibase.Scope.child (Scope.java:164)
    at org.liquibase.maven.plugins.AbstractLiquibaseMojo.lambda$execute$3 (AbstractLiquibaseMojo.java:779)
    at liquibase.Scope.lambda$child$0 (Scope.java:186)
    at liquibase.Scope.child (Scope.java:195)
    at liquibase.Scope.child (Scope.java:185)
    at liquibase.Scope.child (Scope.java:164)
    at org.liquibase.maven.plugins.AbstractLiquibaseMojo.execute (AbstractLiquibaseMojo.java:715)
    at org.apache.maven.plugin.DefaultBuildPluginManager.executeMojo (DefaultBuildPluginManager.java:126)
    at org.apache.maven.lifecycle.internal.MojoExecutor.doExecute2 (MojoExecutor.java:328)
    at org.apache.maven.lifecycle.internal.MojoExecutor.doExecute (MojoExecutor.java:316)
    at org.apache.maven.lifecycle.internal.MojoExecutor.execute (MojoExecutor.java:212)
    at org.apache.maven.lifecycle.internal.MojoExecutor.execute (MojoExecutor.java:174)
    at org.apache.maven.lifecycle.internal.MojoExecutor.access$000 (MojoExecutor.java:75)
    at org.apache.maven.lifecycle.internal.MojoExecutor$1.run (MojoExecutor.java:162)
    at org.apache.maven.plugin.DefaultMojosExecutionStrategy.execute (DefaultMojosExecutionStrategy.java:39)
    at org.apache.maven.lifecycle.internal.MojoExecutor.execute (MojoExecutor.java:159)
    at org.apache.maven.lifecycle.internal.LifecycleModuleBuilder.buildProject (LifecycleModuleBuilder.java:105)
    at org.apache.maven.lifecycle.internal.LifecycleModuleBuilder.buildProject (LifecycleModuleBuilder.java:73)
    at org.apache.maven.lifecycle.internal.builder.singlethreaded.SingleThreadedBuilder.build (SingleThreadedBuilder.java:53)
    at org.apache.maven.lifecycle.internal.LifecycleStarter.execute (LifecycleStarter.java:118)
    at org.apache.maven.DefaultMaven.doExecute (DefaultMaven.java:261)
    at org.apache.maven.DefaultMaven.doExecute (DefaultMaven.java:173)
    at org.apache.maven.DefaultMaven.execute (DefaultMaven.java:101)
    at org.apache.maven.cli.MavenCli.execute (MavenCli.java:906)
    at org.apache.maven.cli.MavenCli.doMain (MavenCli.java:283)
    at org.apache.maven.cli.MavenCli.main (MavenCli.java:206)
    at jdk.internal.reflect.DirectMethodHandleAccessor.invoke (DirectMethodHandleAccessor.java:103)
    at java.lang.reflect.Method.invoke (Method.java:580)
    at org.codehaus.plexus.classworlds.launcher.Launcher.launchEnhanced (Launcher.java:255)
    at org.codehaus.plexus.classworlds.launcher.Launcher.launch (Launcher.java:201)
    at org.codehaus.plexus.classworlds.launcher.Launcher.mainWithExitCode (Launcher.java:361)
    at org.codehaus.plexus.classworlds.launcher.Launcher.main (Launcher.java:314)
Caused by: oracle.jdbc.OracleDatabaseException: ORA-01758: table must be empty to add mandatory (NOT NULL) column

    at oracle.jdbc.driver.T4CTTIoer11.processError (T4CTTIoer11.java:723)
    at oracle.jdbc.driver.T4CTTIoer11.processError (T4CTTIoer11.java:615)
    at oracle.jdbc.driver.T4C8Oall.processError (T4C8Oall.java:1372)
    at oracle.jdbc.driver.T4CTTIfun.receive (T4CTTIfun.java:972)
    at oracle.jdbc.driver.T4CTTIfun.doRPC (T4CTTIfun.java:237)
    at oracle.jdbc.driver.T4C8Oall.doOALL (T4C8Oall.java:524)
    at oracle.jdbc.driver.T4CStatement.doOall8 (T4CStatement.java:197)
    at oracle.jdbc.driver.T4CStatement.executeForRows (T4CStatement.java:1408)
    at oracle.jdbc.driver.OracleStatement.executeSQLStatement (OracleStatement.java:2020)
    at oracle.jdbc.driver.OracleStatement.doExecuteWithTimeout (OracleStatement.java:1633)
    at oracle.jdbc.driver.OracleStatement.executeInternal (OracleStatement.java:2698)
    at oracle.jdbc.driver.OracleStatement.execute (OracleStatement.java:2647)
    at oracle.jdbc.driver.OracleStatementWrapper.execute (OracleStatementWrapper.java:349)
    at liquibase.executor.jvm.JdbcExecutor$ExecuteStatementCallback.doInStatement (JdbcExecutor.java:464)
    at liquibase.executor.jvm.JdbcExecutor.execute (JdbcExecutor.java:77)
    at liquibase.executor.jvm.JdbcExecutor.execute (JdbcExecutor.java:179)
    at liquibase.database.AbstractJdbcDatabase.execute (AbstractJdbcDatabase.java:1291)
    at liquibase.database.AbstractJdbcDatabase.executeStatements (AbstractJdbcDatabase.java:1273)
    at liquibase.changelog.ChangeSet.execute (ChangeSet.java:755)
    at liquibase.changelog.visitor.UpdateVisitor.executeAcceptedChange (UpdateVisitor.java:119)
    at liquibase.changelog.visitor.UpdateVisitor.visit (UpdateVisitor.java:68)
    at liquibase.changelog.ChangeLogIterator$2.lambda$run$0 (ChangeLogIterator.java:133)
    at liquibase.Scope.lambda$child$0 (Scope.java:186)
    at liquibase.Scope.child (Scope.java:195)
    at liquibase.Scope.child (Scope.java:185)
    at liquibase.Scope.child (Scope.java:164)
    at liquibase.changelog.ChangeLogIterator$2.run (ChangeLogIterator.java:122)
    at liquibase.Scope.lambda$child$0 (Scope.java:186)
    at liquibase.Scope.child (Scope.java:195)
    at liquibase.Scope.child (Scope.java:185)
    at liquibase.Scope.child (Scope.java:164)
    at liquibase.Scope.child (Scope.java:252)
    at liquibase.Scope.child (Scope.java:256)
    at liquibase.changelog.ChangeLogIterator.run (ChangeLogIterator.java:89)
    at liquibase.command.core.AbstractUpdateCommandStep.lambda$run$0 (AbstractUpdateCommandStep.java:110)
    at liquibase.Scope.lambda$child$0 (Scope.java:186)
    at liquibase.Scope.child (Scope.java:195)
    at liquibase.Scope.child (Scope.java:185)
    at liquibase.Scope.child (Scope.java:164)
    at liquibase.command.core.AbstractUpdateCommandStep.run (AbstractUpdateCommandStep.java:108)
    at liquibase.command.core.UpdateCommandStep.run (UpdateCommandStep.java:105)
    at com.datical.liquibase.ext.command.ProUpdateCommandStep.run (ProUpdateCommandStep.java:43)
    at liquibase.command.CommandScope.execute (CommandScope.java:217)
    at liquibase.Liquibase.lambda$update$0 (Liquibase.java:245)
    at liquibase.Scope.lambda$child$0 (Scope.java:186)
    at liquibase.Scope.child (Scope.java:195)
    at liquibase.Scope.child (Scope.java:185)
    at liquibase.Scope.child (Scope.java:164)
    at liquibase.Liquibase.runInScope (Liquibase.java:1419)
    at liquibase.Liquibase.update (Liquibase.java:234)
    at liquibase.Liquibase.update (Liquibase.java:212)
    at liquibase.Liquibase.update (Liquibase.java:399)
    at org.liquibase.maven.plugins.LiquibaseUpdate.lambda$doUpdate$0 (LiquibaseUpdate.java:55)
    at liquibase.Scope.lambda$child$0 (Scope.java:186)
    at liquibase.Scope.child (Scope.java:195)
    at liquibase.Scope.child (Scope.java:185)
    at liquibase.Scope.child (Scope.java:164)
    at liquibase.Scope.child (Scope.java:252)
    at org.liquibase.maven.plugins.LiquibaseUpdate.doUpdate (LiquibaseUpdate.java:51)
    at org.liquibase.maven.plugins.AbstractLiquibaseUpdateMojo.performLiquibaseTask (AbstractLiquibaseUpdateMojo.java:41)
    at org.liquibase.maven.plugins.AbstractLiquibaseMojo.lambda$execute$1 (AbstractLiquibaseMojo.java:862)
    at liquibase.Scope.lambda$child$0 (Scope.java:186)
    at liquibase.Scope.child (Scope.java:195)
    at liquibase.Scope.child (Scope.java:185)
    at liquibase.Scope.child (Scope.java:164)
    at org.liquibase.maven.plugins.AbstractLiquibaseMojo.lambda$execute$2 (AbstractLiquibaseMojo.java:862)
    at liquibase.Scope.lambda$child$0 (Scope.java:186)
    at liquibase.Scope.child (Scope.java:195)
    at liquibase.Scope.child (Scope.java:185)
    at liquibase.Scope.child (Scope.java:164)
    at org.liquibase.maven.plugins.AbstractLiquibaseMojo.lambda$execute$3 (AbstractLiquibaseMojo.java:779)
    at liquibase.Scope.lambda$child$0 (Scope.java:186)
    at liquibase.Scope.child (Scope.java:195)
    at liquibase.Scope.child (Scope.java:185)
    at liquibase.Scope.child (Scope.java:164)
    at org.liquibase.maven.plugins.AbstractLiquibaseMojo.execute (AbstractLiquibaseMojo.java:715)
    at org.apache.maven.plugin.DefaultBuildPluginManager.executeMojo (DefaultBuildPluginManager.java:126)
    at org.apache.maven.lifecycle.internal.MojoExecutor.doExecute2 (MojoExecutor.java:328)
    at org.apache.maven.lifecycle.internal.MojoExecutor.doExecute (MojoExecutor.java:316)
    at org.apache.maven.lifecycle.internal.MojoExecutor.execute (MojoExecutor.java:212)
    at org.apache.maven.lifecycle.internal.MojoExecutor.execute (MojoExecutor.java:174)
    at org.apache.maven.lifecycle.internal.MojoExecutor.access$000 (MojoExecutor.java:75)
    at org.apache.maven.lifecycle.internal.MojoExecutor$1.run (MojoExecutor.java:162)
    at org.apache.maven.plugin.DefaultMojosExecutionStrategy.execute (DefaultMojosExecutionStrategy.java:39)
    at org.apache.maven.lifecycle.internal.MojoExecutor.execute (MojoExecutor.java:159)
    at org.apache.maven.lifecycle.internal.LifecycleModuleBuilder.buildProject (LifecycleModuleBuilder.java:105)
    at org.apache.maven.lifecycle.internal.LifecycleModuleBuilder.buildProject (LifecycleModuleBuilder.java:73)
    at org.apache.maven.lifecycle.internal.builder.singlethreaded.SingleThreadedBuilder.build (SingleThreadedBuilder.java:53)
    at org.apache.maven.lifecycle.internal.LifecycleStarter.execute (LifecycleStarter.java:118)
    at org.apache.maven.DefaultMaven.doExecute (DefaultMaven.java:261)
    at org.apache.maven.DefaultMaven.doExecute (DefaultMaven.java:173)
    at org.apache.maven.DefaultMaven.execute (DefaultMaven.java:101)
    at org.apache.maven.cli.MavenCli.execute (MavenCli.java:906)
    at org.apache.maven.cli.MavenCli.doMain (MavenCli.java:283)
    at org.apache.maven.cli.MavenCli.main (MavenCli.java:206)
    at jdk.internal.reflect.DirectMethodHandleAccessor.invoke (DirectMethodHandleAccessor.java:103)
    at java.lang.reflect.Method.invoke (Method.java:580)
    at org.codehaus.plexus.classworlds.launcher.Launcher.launchEnhanced (Launcher.java:255)
    at org.codehaus.plexus.classworlds.launcher.Launcher.launch (Launcher.java:201)
    at org.codehaus.plexus.classworlds.launcher.Launcher.mainWithExitCode (Launcher.java:361)
    at org.codehaus.plexus.classworlds.launcher.Launcher.main (Launcher.java:314)
[WARNING] Potentially ignored key(s) in property file liquibase.properties
 - 'changeLogFile'
 - 'defaultSchemaName'
 - 'password'
 - 'referenceDriver'
 - 'referenceUrl'
 - 'url'
 - 'username'
[INFO] Command execution complete
[INFO] Logging exception.
[INFO] ERROR: Exception Details
[INFO] ERROR: Exception Primary Class:  OracleDatabaseException
[INFO] ERROR: Exception Primary Reason: ORA-01758: table must be empty to add mandatory (NOT NULL) column

[INFO] ERROR: Exception Primary Source: Oracle Oracle Database 21c Enterprise Edition Release 21.0.0.0.0 - Production
Version 21.3.0.0.0
[INFO] Command execution complete
[WARNING] Potentially ignored key(s) in property file liquibase.properties
 - 'changeLogFile'
 - 'defaultSchemaName'
 - 'password'
 - 'referenceDriver'
 - 'referenceUrl'
 - 'url'
 - 'username'
[INFO] Command execution complete
[INFO] ------------------------------------------------------------------------
[INFO] BUILD FAILURE
[INFO] ------------------------------------------------------------------------
[INFO] Total time:  23.196 s
[INFO] Finished at: 2025-08-01T00:35:52+07:00
[INFO] ------------------------------------------------------------------------
[ERROR] Failed to execute goal org.liquibase:liquibase-maven-plugin:4.25.1:update (default-cli) on project core: 
[ERROR] Error setting up or running Liquibase:
[ERROR] liquibase.exception.LiquibaseException: liquibase.exception.MigrationFailedException: Migration failed for changeset db/changelog/2025_08_01_002937_update_all_tables.yaml::1753983030680-18::elhakimdev99 (generated):
[ERROR]      Reason: liquibase.exception.DatabaseException: ORA-01758: table must be empty to add mandatory (NOT NULL) column
[ERROR] 
[ERROR] https://docs.oracle.com/error-help/db/ora-01758/ [Failed SQL: (1758) ALTER TABLE AUTHID_CORE_APP.users ADD is_deleted NUMBER(1, 0) NOT NULL]
[ERROR] -> [Help 1]
[ERROR] 
[ERROR] To see the full stack trace of the errors, re-run Maven with the -e switch.
[ERROR] Re-run Maven using the -X switch to enable full debug logging.
[ERROR] 
[ERROR] For more information about the errors and possible solutions, please read the following articles:
[ERROR] [Help 1] http://cwiki.apache.org/confluence/display/MAVEN/MojoExecutionException
[ERROR] 2025-08-01 00:35:53 - Gagal menerapkan ke DB.
